<?xml version="1.0" encoding="UTF-8"?>
<testsuite xmlns:xsi="http://www.w3.org/2001/XMLSchema-instance" xsi:noNamespaceSchemaLocation="https://maven.apache.org/surefire/maven-surefire-plugin/xsd/surefire-test-report-3.0.xsd" version="3.0" name="com.journal.journalApp.JournalAppApplicationTests" time="6.472" tests="1" errors="0" skipped="0" failures="0">
  <properties>
    <property name="java.specification.version" value="17"/>
    <property name="sun.jnu.encoding" value="UTF-8"/>
    <property name="java.class.path" value="/Users/abdulrasheed/Desktop/Java Preparation/Apps/journalApp/target/test-classes:/Users/abdulrasheed/Desktop/Java Preparation/Apps/journalApp/target/classes:/Users/abdulrasheed/.m2/repository/org/springframework/boot/spring-boot-starter-web/3.2.8/spring-boot-starter-web-3.2.8.jar:/Users/abdulrasheed/.m2/repository/org/springframework/boot/spring-boot-starter/3.2.8/spring-boot-starter-3.2.8.jar:/Users/abdulrasheed/.m2/repository/org/springframework/boot/spring-boot/3.2.8/spring-boot-3.2.8.jar:/Users/abdulrasheed/.m2/repository/org/springframework/boot/spring-boot-autoconfigure/3.2.8/spring-boot-autoconfigure-3.2.8.jar:/Users/abdulrasheed/.m2/repository/org/springframework/boot/spring-boot-starter-logging/3.2.8/spring-boot-starter-logging-3.2.8.jar:/Users/abdulrasheed/.m2/repository/ch/qos/logback/logback-classic/1.4.14/logback-classic-1.4.14.jar:/Users/abdulrasheed/.m2/repository/ch/qos/logback/logback-core/1.4.14/logback-core-1.4.14.jar:/Users/abdulrasheed/.m2/repository/org/apache/logging/log4j/log4j-to-slf4j/2.21.1/log4j-to-slf4j-2.21.1.jar:/Users/abdulrasheed/.m2/repository/org/apache/logging/log4j/log4j-api/2.21.1/log4j-api-2.21.1.jar:/Users/abdulrasheed/.m2/repository/org/slf4j/jul-to-slf4j/2.0.13/jul-to-slf4j-2.0.13.jar:/Users/abdulrasheed/.m2/repository/jakarta/annotation/jakarta.annotation-api/2.1.1/jakarta.annotation-api-2.1.1.jar:/Users/abdulrasheed/.m2/repository/org/yaml/snakeyaml/2.2/snakeyaml-2.2.jar:/Users/abdulrasheed/.m2/repository/org/springframework/boot/spring-boot-starter-json/3.2.8/spring-boot-starter-json-3.2.8.jar:/Users/abdulrasheed/.m2/repository/com/fasterxml/jackson/core/jackson-databind/2.15.4/jackson-databind-2.15.4.jar:/Users/abdulrasheed/.m2/repository/com/fasterxml/jackson/core/jackson-annotations/2.15.4/jackson-annotations-2.15.4.jar:/Users/abdulrasheed/.m2/repository/com/fasterxml/jackson/core/jackson-core/2.15.4/jackson-core-2.15.4.jar:/Users/abdulrasheed/.m2/repository/com/fasterxml/jackson/datatype/jackson-datatype-jdk8/2.15.4/jackson-datatype-jdk8-2.15.4.jar:/Users/abdulrasheed/.m2/repository/com/fasterxml/jackson/datatype/jackson-datatype-jsr310/2.15.4/jackson-datatype-jsr310-2.15.4.jar:/Users/abdulrasheed/.m2/repository/com/fasterxml/jackson/module/jackson-module-parameter-names/2.15.4/jackson-module-parameter-names-2.15.4.jar:/Users/abdulrasheed/.m2/repository/org/springframework/boot/spring-boot-starter-tomcat/3.2.8/spring-boot-starter-tomcat-3.2.8.jar:/Users/abdulrasheed/.m2/repository/org/apache/tomcat/embed/tomcat-embed-core/10.1.26/tomcat-embed-core-10.1.26.jar:/Users/abdulrasheed/.m2/repository/org/apache/tomcat/embed/tomcat-embed-el/10.1.26/tomcat-embed-el-10.1.26.jar:/Users/abdulrasheed/.m2/repository/org/apache/tomcat/embed/tomcat-embed-websocket/10.1.26/tomcat-embed-websocket-10.1.26.jar:/Users/abdulrasheed/.m2/repository/org/springframework/spring-web/6.1.11/spring-web-6.1.11.jar:/Users/abdulrasheed/.m2/repository/org/springframework/spring-beans/6.1.11/spring-beans-6.1.11.jar:/Users/abdulrasheed/.m2/repository/io/micrometer/micrometer-observation/1.12.8/micrometer-observation-1.12.8.jar:/Users/abdulrasheed/.m2/repository/io/micrometer/micrometer-commons/1.12.8/micrometer-commons-1.12.8.jar:/Users/abdulrasheed/.m2/repository/org/springframework/spring-webmvc/6.1.11/spring-webmvc-6.1.11.jar:/Users/abdulrasheed/.m2/repository/org/springframework/spring-context/6.1.11/spring-context-6.1.11.jar:/Users/abdulrasheed/.m2/repository/org/springframework/spring-expression/6.1.11/spring-expression-6.1.11.jar:/Users/abdulrasheed/.m2/repository/org/springframework/boot/spring-boot-starter-security/3.2.8/spring-boot-starter-security-3.2.8.jar:/Users/abdulrasheed/.m2/repository/org/springframework/spring-aop/6.1.11/spring-aop-6.1.11.jar:/Users/abdulrasheed/.m2/repository/org/springframework/security/spring-security-config/6.2.5/spring-security-config-6.2.5.jar:/Users/abdulrasheed/.m2/repository/org/springframework/security/spring-security-core/6.2.5/spring-security-core-6.2.5.jar:/Users/abdulrasheed/.m2/repository/org/springframework/security/spring-security-crypto/6.2.5/spring-security-crypto-6.2.5.jar:/Users/abdulrasheed/.m2/repository/org/springframework/security/spring-security-web/6.2.5/spring-security-web-6.2.5.jar:/Users/abdulrasheed/.m2/repository/org/springframework/boot/spring-boot-starter-data-mongodb/3.2.8/spring-boot-starter-data-mongodb-3.2.8.jar:/Users/abdulrasheed/.m2/repository/org/mongodb/mongodb-driver-sync/4.11.2/mongodb-driver-sync-4.11.2.jar:/Users/abdulrasheed/.m2/repository/org/mongodb/bson/4.11.2/bson-4.11.2.jar:/Users/abdulrasheed/.m2/repository/org/mongodb/mongodb-driver-core/4.11.2/mongodb-driver-core-4.11.2.jar:/Users/abdulrasheed/.m2/repository/org/mongodb/bson-record-codec/4.11.2/bson-record-codec-4.11.2.jar:/Users/abdulrasheed/.m2/repository/org/springframework/data/spring-data-mongodb/4.2.8/spring-data-mongodb-4.2.8.jar:/Users/abdulrasheed/.m2/repository/org/springframework/spring-tx/6.1.11/spring-tx-6.1.11.jar:/Users/abdulrasheed/.m2/repository/org/springframework/data/spring-data-commons/3.2.8/spring-data-commons-3.2.8.jar:/Users/abdulrasheed/.m2/repository/org/slf4j/slf4j-api/2.0.13/slf4j-api-2.0.13.jar:/Users/abdulrasheed/.m2/repository/org/projectlombok/lombok/1.18.34/lombok-1.18.34.jar:/Users/abdulrasheed/.m2/repository/org/springframework/boot/spring-boot-starter-test/3.2.8/spring-boot-starter-test-3.2.8.jar:/Users/abdulrasheed/.m2/repository/org/springframework/boot/spring-boot-test/3.2.8/spring-boot-test-3.2.8.jar:/Users/abdulrasheed/.m2/repository/org/springframework/boot/spring-boot-test-autoconfigure/3.2.8/spring-boot-test-autoconfigure-3.2.8.jar:/Users/abdulrasheed/.m2/repository/com/jayway/jsonpath/json-path/2.9.0/json-path-2.9.0.jar:/Users/abdulrasheed/.m2/repository/jakarta/xml/bind/jakarta.xml.bind-api/4.0.2/jakarta.xml.bind-api-4.0.2.jar:/Users/abdulrasheed/.m2/repository/jakarta/activation/jakarta.activation-api/2.1.3/jakarta.activation-api-2.1.3.jar:/Users/abdulrasheed/.m2/repository/net/minidev/json-smart/2.5.1/json-smart-2.5.1.jar:/Users/abdulrasheed/.m2/repository/net/minidev/accessors-smart/2.5.1/accessors-smart-2.5.1.jar:/Users/abdulrasheed/.m2/repository/org/ow2/asm/asm/9.6/asm-9.6.jar:/Users/abdulrasheed/.m2/repository/org/assertj/assertj-core/3.24.2/assertj-core-3.24.2.jar:/Users/abdulrasheed/.m2/repository/net/bytebuddy/byte-buddy/1.14.18/byte-buddy-1.14.18.jar:/Users/abdulrasheed/.m2/repository/org/awaitility/awaitility/4.2.1/awaitility-4.2.1.jar:/Users/abdulrasheed/.m2/repository/org/hamcrest/hamcrest/2.2/hamcrest-2.2.jar:/Users/abdulrasheed/.m2/repository/org/junit/jupiter/junit-jupiter/5.10.3/junit-jupiter-5.10.3.jar:/Users/abdulrasheed/.m2/repository/org/junit/jupiter/junit-jupiter-api/5.10.3/junit-jupiter-api-5.10.3.jar:/Users/abdulrasheed/.m2/repository/org/opentest4j/opentest4j/1.3.0/opentest4j-1.3.0.jar:/Users/abdulrasheed/.m2/repository/org/junit/platform/junit-platform-commons/1.10.3/junit-platform-commons-1.10.3.jar:/Users/abdulrasheed/.m2/repository/org/apiguardian/apiguardian-api/1.1.2/apiguardian-api-1.1.2.jar:/Users/abdulrasheed/.m2/repository/org/junit/jupiter/junit-jupiter-params/5.10.3/junit-jupiter-params-5.10.3.jar:/Users/abdulrasheed/.m2/repository/org/junit/jupiter/junit-jupiter-engine/5.10.3/junit-jupiter-engine-5.10.3.jar:/Users/abdulrasheed/.m2/repository/org/junit/platform/junit-platform-engine/1.10.3/junit-platform-engine-1.10.3.jar:/Users/abdulrasheed/.m2/repository/org/mockito/mockito-core/5.7.0/mockito-core-5.7.0.jar:/Users/abdulrasheed/.m2/repository/net/bytebuddy/byte-buddy-agent/1.14.18/byte-buddy-agent-1.14.18.jar:/Users/abdulrasheed/.m2/repository/org/objenesis/objenesis/3.3/objenesis-3.3.jar:/Users/abdulrasheed/.m2/repository/org/mockito/mockito-junit-jupiter/5.7.0/mockito-junit-jupiter-5.7.0.jar:/Users/abdulrasheed/.m2/repository/org/skyscreamer/jsonassert/1.5.3/jsonassert-1.5.3.jar:/Users/abdulrasheed/.m2/repository/com/vaadin/external/google/android-json/0.0.20131108.vaadin1/android-json-0.0.20131108.vaadin1.jar:/Users/abdulrasheed/.m2/repository/org/springframework/spring-core/6.1.11/spring-core-6.1.11.jar:/Users/abdulrasheed/.m2/repository/org/springframework/spring-jcl/6.1.11/spring-jcl-6.1.11.jar:/Users/abdulrasheed/.m2/repository/org/springframework/spring-test/6.1.11/spring-test-6.1.11.jar:/Users/abdulrasheed/.m2/repository/org/xmlunit/xmlunit-core/2.9.1/xmlunit-core-2.9.1.jar:"/>
    <property name="java.vm.vendor" value="JetBrains s.r.o."/>
    <property name="sun.arch.data.model" value="64"/>
    <property name="java.vendor.url" value="https://openjdk.java.net/"/>
    <property name="user.timezone" value="Europe/London"/>
    <property name="os.name" value="Mac OS X"/>
    <property name="java.vm.specification.version" value="17"/>
    <property name="sun.java.launcher" value="SUN_STANDARD"/>
    <property name="user.country" value="IN"/>
    <property name="sun.boot.library.path" value="/Users/abdulrasheed/Library/Java/JavaVirtualMachines/jbr-17.0.11/Contents/Home/lib"/>
    <property name="sun.java.command" value="/Users/abdulrasheed/Desktop/Java Preparation/Apps/journalApp/target/surefire/surefirebooter-20240810180731495_3.jar /Users/abdulrasheed/Desktop/Java Preparation/Apps/journalApp/target/surefire 2024-08-10T18-07-31_458-jvmRun1 surefire-20240810180731495_1tmp surefire_0-20240810180731495_2tmp"/>
    <property name="http.nonProxyHosts" value="local|*.local|169.254/16|*.169.254/16"/>
    <property name="jdk.debug" value="release"/>
    <property name="surefire.test.class.path" value="/Users/abdulrasheed/Desktop/Java Preparation/Apps/journalApp/target/test-classes:/Users/abdulrasheed/Desktop/Java Preparation/Apps/journalApp/target/classes:/Users/abdulrasheed/.m2/repository/org/springframework/boot/spring-boot-starter-web/3.2.8/spring-boot-starter-web-3.2.8.jar:/Users/abdulrasheed/.m2/repository/org/springframework/boot/spring-boot-starter/3.2.8/spring-boot-starter-3.2.8.jar:/Users/abdulrasheed/.m2/repository/org/springframework/boot/spring-boot/3.2.8/spring-boot-3.2.8.jar:/Users/abdulrasheed/.m2/repository/org/springframework/boot/spring-boot-autoconfigure/3.2.8/spring-boot-autoconfigure-3.2.8.jar:/Users/abdulrasheed/.m2/repository/org/springframework/boot/spring-boot-starter-logging/3.2.8/spring-boot-starter-logging-3.2.8.jar:/Users/abdulrasheed/.m2/repository/ch/qos/logback/logback-classic/1.4.14/logback-classic-1.4.14.jar:/Users/abdulrasheed/.m2/repository/ch/qos/logback/logback-core/1.4.14/logback-core-1.4.14.jar:/Users/abdulrasheed/.m2/repository/org/apache/logging/log4j/log4j-to-slf4j/2.21.1/log4j-to-slf4j-2.21.1.jar:/Users/abdulrasheed/.m2/repository/org/apache/logging/log4j/log4j-api/2.21.1/log4j-api-2.21.1.jar:/Users/abdulrasheed/.m2/repository/org/slf4j/jul-to-slf4j/2.0.13/jul-to-slf4j-2.0.13.jar:/Users/abdulrasheed/.m2/repository/jakarta/annotation/jakarta.annotation-api/2.1.1/jakarta.annotation-api-2.1.1.jar:/Users/abdulrasheed/.m2/repository/org/yaml/snakeyaml/2.2/snakeyaml-2.2.jar:/Users/abdulrasheed/.m2/repository/org/springframework/boot/spring-boot-starter-json/3.2.8/spring-boot-starter-json-3.2.8.jar:/Users/abdulrasheed/.m2/repository/com/fasterxml/jackson/core/jackson-databind/2.15.4/jackson-databind-2.15.4.jar:/Users/abdulrasheed/.m2/repository/com/fasterxml/jackson/core/jackson-annotations/2.15.4/jackson-annotations-2.15.4.jar:/Users/abdulrasheed/.m2/repository/com/fasterxml/jackson/core/jackson-core/2.15.4/jackson-core-2.15.4.jar:/Users/abdulrasheed/.m2/repository/com/fasterxml/jackson/datatype/jackson-datatype-jdk8/2.15.4/jackson-datatype-jdk8-2.15.4.jar:/Users/abdulrasheed/.m2/repository/com/fasterxml/jackson/datatype/jackson-datatype-jsr310/2.15.4/jackson-datatype-jsr310-2.15.4.jar:/Users/abdulrasheed/.m2/repository/com/fasterxml/jackson/module/jackson-module-parameter-names/2.15.4/jackson-module-parameter-names-2.15.4.jar:/Users/abdulrasheed/.m2/repository/org/springframework/boot/spring-boot-starter-tomcat/3.2.8/spring-boot-starter-tomcat-3.2.8.jar:/Users/abdulrasheed/.m2/repository/org/apache/tomcat/embed/tomcat-embed-core/10.1.26/tomcat-embed-core-10.1.26.jar:/Users/abdulrasheed/.m2/repository/org/apache/tomcat/embed/tomcat-embed-el/10.1.26/tomcat-embed-el-10.1.26.jar:/Users/abdulrasheed/.m2/repository/org/apache/tomcat/embed/tomcat-embed-websocket/10.1.26/tomcat-embed-websocket-10.1.26.jar:/Users/abdulrasheed/.m2/repository/org/springframework/spring-web/6.1.11/spring-web-6.1.11.jar:/Users/abdulrasheed/.m2/repository/org/springframework/spring-beans/6.1.11/spring-beans-6.1.11.jar:/Users/abdulrasheed/.m2/repository/io/micrometer/micrometer-observation/1.12.8/micrometer-observation-1.12.8.jar:/Users/abdulrasheed/.m2/repository/io/micrometer/micrometer-commons/1.12.8/micrometer-commons-1.12.8.jar:/Users/abdulrasheed/.m2/repository/org/springframework/spring-webmvc/6.1.11/spring-webmvc-6.1.11.jar:/Users/abdulrasheed/.m2/repository/org/springframework/spring-context/6.1.11/spring-context-6.1.11.jar:/Users/abdulrasheed/.m2/repository/org/springframework/spring-expression/6.1.11/spring-expression-6.1.11.jar:/Users/abdulrasheed/.m2/repository/org/springframework/boot/spring-boot-starter-security/3.2.8/spring-boot-starter-security-3.2.8.jar:/Users/abdulrasheed/.m2/repository/org/springframework/spring-aop/6.1.11/spring-aop-6.1.11.jar:/Users/abdulrasheed/.m2/repository/org/springframework/security/spring-security-config/6.2.5/spring-security-config-6.2.5.jar:/Users/abdulrasheed/.m2/repository/org/springframework/security/spring-security-core/6.2.5/spring-security-core-6.2.5.jar:/Users/abdulrasheed/.m2/repository/org/springframework/security/spring-security-crypto/6.2.5/spring-security-crypto-6.2.5.jar:/Users/abdulrasheed/.m2/repository/org/springframework/security/spring-security-web/6.2.5/spring-security-web-6.2.5.jar:/Users/abdulrasheed/.m2/repository/org/springframework/boot/spring-boot-starter-data-mongodb/3.2.8/spring-boot-starter-data-mongodb-3.2.8.jar:/Users/abdulrasheed/.m2/repository/org/mongodb/mongodb-driver-sync/4.11.2/mongodb-driver-sync-4.11.2.jar:/Users/abdulrasheed/.m2/repository/org/mongodb/bson/4.11.2/bson-4.11.2.jar:/Users/abdulrasheed/.m2/repository/org/mongodb/mongodb-driver-core/4.11.2/mongodb-driver-core-4.11.2.jar:/Users/abdulrasheed/.m2/repository/org/mongodb/bson-record-codec/4.11.2/bson-record-codec-4.11.2.jar:/Users/abdulrasheed/.m2/repository/org/springframework/data/spring-data-mongodb/4.2.8/spring-data-mongodb-4.2.8.jar:/Users/abdulrasheed/.m2/repository/org/springframework/spring-tx/6.1.11/spring-tx-6.1.11.jar:/Users/abdulrasheed/.m2/repository/org/springframework/data/spring-data-commons/3.2.8/spring-data-commons-3.2.8.jar:/Users/abdulrasheed/.m2/repository/org/slf4j/slf4j-api/2.0.13/slf4j-api-2.0.13.jar:/Users/abdulrasheed/.m2/repository/org/projectlombok/lombok/1.18.34/lombok-1.18.34.jar:/Users/abdulrasheed/.m2/repository/org/springframework/boot/spring-boot-starter-test/3.2.8/spring-boot-starter-test-3.2.8.jar:/Users/abdulrasheed/.m2/repository/org/springframework/boot/spring-boot-test/3.2.8/spring-boot-test-3.2.8.jar:/Users/abdulrasheed/.m2/repository/org/springframework/boot/spring-boot-test-autoconfigure/3.2.8/spring-boot-test-autoconfigure-3.2.8.jar:/Users/abdulrasheed/.m2/repository/com/jayway/jsonpath/json-path/2.9.0/json-path-2.9.0.jar:/Users/abdulrasheed/.m2/repository/jakarta/xml/bind/jakarta.xml.bind-api/4.0.2/jakarta.xml.bind-api-4.0.2.jar:/Users/abdulrasheed/.m2/repository/jakarta/activation/jakarta.activation-api/2.1.3/jakarta.activation-api-2.1.3.jar:/Users/abdulrasheed/.m2/repository/net/minidev/json-smart/2.5.1/json-smart-2.5.1.jar:/Users/abdulrasheed/.m2/repository/net/minidev/accessors-smart/2.5.1/accessors-smart-2.5.1.jar:/Users/abdulrasheed/.m2/repository/org/ow2/asm/asm/9.6/asm-9.6.jar:/Users/abdulrasheed/.m2/repository/org/assertj/assertj-core/3.24.2/assertj-core-3.24.2.jar:/Users/abdulrasheed/.m2/repository/net/bytebuddy/byte-buddy/1.14.18/byte-buddy-1.14.18.jar:/Users/abdulrasheed/.m2/repository/org/awaitility/awaitility/4.2.1/awaitility-4.2.1.jar:/Users/abdulrasheed/.m2/repository/org/hamcrest/hamcrest/2.2/hamcrest-2.2.jar:/Users/abdulrasheed/.m2/repository/org/junit/jupiter/junit-jupiter/5.10.3/junit-jupiter-5.10.3.jar:/Users/abdulrasheed/.m2/repository/org/junit/jupiter/junit-jupiter-api/5.10.3/junit-jupiter-api-5.10.3.jar:/Users/abdulrasheed/.m2/repository/org/opentest4j/opentest4j/1.3.0/opentest4j-1.3.0.jar:/Users/abdulrasheed/.m2/repository/org/junit/platform/junit-platform-commons/1.10.3/junit-platform-commons-1.10.3.jar:/Users/abdulrasheed/.m2/repository/org/apiguardian/apiguardian-api/1.1.2/apiguardian-api-1.1.2.jar:/Users/abdulrasheed/.m2/repository/org/junit/jupiter/junit-jupiter-params/5.10.3/junit-jupiter-params-5.10.3.jar:/Users/abdulrasheed/.m2/repository/org/junit/jupiter/junit-jupiter-engine/5.10.3/junit-jupiter-engine-5.10.3.jar:/Users/abdulrasheed/.m2/repository/org/junit/platform/junit-platform-engine/1.10.3/junit-platform-engine-1.10.3.jar:/Users/abdulrasheed/.m2/repository/org/mockito/mockito-core/5.7.0/mockito-core-5.7.0.jar:/Users/abdulrasheed/.m2/repository/net/bytebuddy/byte-buddy-agent/1.14.18/byte-buddy-agent-1.14.18.jar:/Users/abdulrasheed/.m2/repository/org/objenesis/objenesis/3.3/objenesis-3.3.jar:/Users/abdulrasheed/.m2/repository/org/mockito/mockito-junit-jupiter/5.7.0/mockito-junit-jupiter-5.7.0.jar:/Users/abdulrasheed/.m2/repository/org/skyscreamer/jsonassert/1.5.3/jsonassert-1.5.3.jar:/Users/abdulrasheed/.m2/repository/com/vaadin/external/google/android-json/0.0.20131108.vaadin1/android-json-0.0.20131108.vaadin1.jar:/Users/abdulrasheed/.m2/repository/org/springframework/spring-core/6.1.11/spring-core-6.1.11.jar:/Users/abdulrasheed/.m2/repository/org/springframework/spring-jcl/6.1.11/spring-jcl-6.1.11.jar:/Users/abdulrasheed/.m2/repository/org/springframework/spring-test/6.1.11/spring-test-6.1.11.jar:/Users/abdulrasheed/.m2/repository/org/xmlunit/xmlunit-core/2.9.1/xmlunit-core-2.9.1.jar:"/>
    <property name="sun.cpu.endian" value="little"/>
    <property name="user.home" value="/Users/abdulrasheed"/>
    <property name="user.language" value="en"/>
    <property name="java.specification.vendor" value="Oracle Corporation"/>
    <property name="java.version.date" value="2024-04-16"/>
    <property name="java.home" value="/Users/abdulrasheed/Library/Java/JavaVirtualMachines/jbr-17.0.11/Contents/Home"/>
    <property name="file.separator" value="/"/>
    <property name="basedir" value="/Users/abdulrasheed/Desktop/Java Preparation/Apps/journalApp"/>
    <property name="style.color" value="always"/>
    <property name="java.vm.compressedOopsMode" value="Zero based"/>
    <property name="line.separator" value="&#10;"/>
    <property name="java.vm.specification.vendor" value="Oracle Corporation"/>
    <property name="java.specification.name" value="Java Platform API Specification"/>
    <property name="intellij.os.virtualization" value="none"/>
    <property name="FILE_LOG_CHARSET" value="UTF-8"/>
    <property name="java.awt.headless" value="true"/>
    <property name="jbr.virtualization.information" value="No virtualization detected"/>
    <property name="surefire.real.class.path" value="/Users/abdulrasheed/Desktop/Java Preparation/Apps/journalApp/target/surefire/surefirebooter-20240810180731495_3.jar"/>
    <property name="sun.management.compiler" value="HotSpot 64-Bit Tiered Compilers"/>
    <property name="ftp.nonProxyHosts" value="local|*.local|169.254/16|*.169.254/16"/>
    <property name="java.runtime.version" value="17.0.11+1-b1312.2"/>
    <property name="user.name" value="abdulrasheed"/>
    <property name="path.separator" value=":"/>
    <property name="os.version" value="14.4.1"/>
    <property name="java.runtime.name" value="OpenJDK Runtime Environment"/>
    <property name="file.encoding" value="UTF-8"/>
    <property name="java.vm.name" value="OpenJDK 64-Bit Server VM"/>
    <property name="java.vendor.version" value="JBR-17.0.11+1-1312.2-nomod"/>
    <property name="localRepository" value="/Users/abdulrasheed/.m2/repository"/>
    <property name="java.vendor.url.bug" value="https://bugreport.java.com/bugreport/"/>
    <property name="java.io.tmpdir" value="/var/folders/fm/jmpyfgh93s79hhnzbm7d_8n00000gn/T/"/>
    <property name="java.version" value="17.0.11"/>
    <property name="user.dir" value="/Users/abdulrasheed/Desktop/Java Preparation/Apps/journalApp"/>
    <property name="os.arch" value="aarch64"/>
    <property name="java.vm.specification.name" value="Java Virtual Machine Specification"/>
    <property name="PID" value="91792"/>
    <property name="CONSOLE_LOG_CHARSET" value="UTF-8"/>
    <property name="native.encoding" value="UTF-8"/>
    <property name="java.library.path" value="/Users/abdulrasheed/Library/Java/Extensions:/Library/Java/Extensions:/Network/Library/Java/Extensions:/System/Library/Java/Extensions:/usr/lib/java:."/>
    <property name="java.vm.info" value="mixed mode, sharing"/>
    <property name="java.vendor" value="JetBrains s.r.o."/>
    <property name="java.vm.version" value="17.0.11+1-b1312.2"/>
    <property name="sun.io.unicode.encoding" value="UnicodeBig"/>
    <property name="socksNonProxyHosts" value="local|*.local|169.254/16|*.169.254/16"/>
    <property name="java.class.version" value="61.0"/>
    <property name="LOGGED_APPLICATION_NAME" value="[journalApp] "/>
  </properties>
  <testcase name="contextLoads" classname="com.journal.journalApp.JournalAppApplicationTests" time="0.432">
    <system-out><![CDATA[18:07:31.846 [main] INFO org.springframework.test.context.support.AnnotationConfigContextLoaderUtils -- Could not detect default configuration classes for test class [com.journal.journalApp.JournalAppApplicationTests]: JournalAppApplicationTests does not declare any static, non-private, non-final, nested classes annotated with @Configuration.
18:07:31.889 [main] INFO org.springframework.boot.test.context.SpringBootTestContextBootstrapper -- Found @SpringBootConfiguration com.journal.journalApp.JournalApplication for test class com.journal.journalApp.JournalAppApplicationTests

  .   ____          _            __ _ _
 /\\ / ___'_ __ _ _(_)_ __  __ _ \ \ \ \
( ( )\___ | '_ | '_| | '_ \/ _` | \ \ \ \
 \\/  ___)| |_)| | | | | || (_| |  ) ) ) )
  '  |____| .__|_| |_|_| |_\__, | / / / /
 =========|_|==============|___/=/_/_/_/
 :: Spring Boot ::                (v3.2.8)

2024-08-10T18:07:32.032+01:00  INFO 91792 --- [journalApp] [           main] c.j.j.JournalAppApplicationTests         : Starting JournalAppApplicationTests using Java 17.0.11 with PID 91792 (started by abdulrasheed in /Users/abdulrasheed/Desktop/Java Preparation/Apps/journalApp)
2024-08-10T18:07:32.033+01:00  INFO 91792 --- [journalApp] [           main] c.j.j.JournalAppApplicationTests         : No active profile set, falling back to 1 default profile: "default"
2024-08-10T18:07:32.271+01:00  INFO 91792 --- [journalApp] [           main] .s.d.r.c.RepositoryConfigurationDelegate : Bootstrapping Spring Data MongoDB repositories in DEFAULT mode.
2024-08-10T18:07:32.294+01:00  INFO 91792 --- [journalApp] [           main] .s.d.r.c.RepositoryConfigurationDelegate : Finished Spring Data repository scanning in 21 ms. Found 2 MongoDB repository interfaces.
2024-08-10T18:07:33.697+01:00  INFO 91792 --- [journalApp] [           main] org.mongodb.driver.client                : MongoClient with metadata {"application": {"name": "Cluster0"}, "driver": {"name": "mongo-java-driver|sync|spring-boot", "version": "4.11.2"}, "os": {"type": "Darwin", "name": "Mac OS X", "architecture": "aarch64", "version": "14.4.1"}, "platform": "Java/JetBrains s.r.o./17.0.11+1-b1312.2"} created with settings MongoClientSettings{readPreference=primary, writeConcern=WriteConcern{w=majority, wTimeout=null ms, journal=null}, retryWrites=true, retryReads=true, readConcern=ReadConcern{level=null}, credential=MongoCredential{mechanism=null, userName='abdul786ar36', source='admin', password=<hidden>, mechanismProperties=<hidden>}, transportSettings=null, streamFactoryFactory=null, commandListeners=[], codecRegistry=ProvidersCodecRegistry{codecProviders=[ValueCodecProvider{}, BsonValueCodecProvider{}, DBRefCodecProvider{}, DBObjectCodecProvider{}, DocumentCodecProvider{}, CollectionCodecProvider{}, IterableCodecProvider{}, MapCodecProvider{}, GeoJsonCodecProvider{}, GridFSFileCodecProvider{}, Jsr310CodecProvider{}, JsonObjectCodecProvider{}, BsonCodecProvider{}, EnumCodecProvider{}, com.mongodb.client.model.mql.ExpressionCodecProvider@769bd849, com.mongodb.Jep395RecordCodecProvider@101ca8da, com.mongodb.KotlinCodecProvider@20a967fe]}, loggerSettings=LoggerSettings{maxDocumentLength=1000}, clusterSettings={hosts=[127.0.0.1:27017], srvHost=cluster0.ss9ul.mongodb.net, srvServiceName=mongodb, mode=MULTIPLE, requiredClusterType=REPLICA_SET, requiredReplicaSetName='atlas-jxo4eg-shard-0', serverSelector='null', clusterListeners='[]', serverSelectionTimeout='30000 ms', localThreshold='15 ms'}, socketSettings=SocketSettings{connectTimeoutMS=10000, readTimeoutMS=0, receiveBufferSize=0, proxySettings=ProxySettings{host=null, port=null, username=null, password=null}}, heartbeatSocketSettings=SocketSettings{connectTimeoutMS=10000, readTimeoutMS=10000, receiveBufferSize=0, proxySettings=ProxySettings{host=null, port=null, username=null, password=null}}, connectionPoolSettings=ConnectionPoolSettings{maxSize=100, minSize=0, maxWaitTimeMS=120000, maxConnectionLifeTimeMS=0, maxConnectionIdleTimeMS=0, maintenanceInitialDelayMS=0, maintenanceFrequencyMS=60000, connectionPoolListeners=[], maxConnecting=2}, serverSettings=ServerSettings{heartbeatFrequencyMS=10000, minHeartbeatFrequencyMS=500, serverListeners='[]', serverMonitorListeners='[]'}, sslSettings=SslSettings{enabled=true, invalidHostNameAllowed=false, context=null}, applicationName='Cluster0', compressorList=[], uuidRepresentation=JAVA_LEGACY, serverApi=null, autoEncryptionSettings=null, dnsClient=null, inetAddressResolver=null, contextProvider=null}
2024-08-10T18:07:33.698+01:00  INFO 91792 --- [journalApp] [9ul.mongodb.net] org.mongodb.driver.cluster               : Adding discovered server cluster0-shard-00-00.ss9ul.mongodb.net:27017 to client view of cluster
2024-08-10T18:07:33.708+01:00  INFO 91792 --- [journalApp] [9ul.mongodb.net] org.mongodb.driver.cluster               : Adding discovered server cluster0-shard-00-01.ss9ul.mongodb.net:27017 to client view of cluster
2024-08-10T18:07:33.709+01:00  INFO 91792 --- [journalApp] [9ul.mongodb.net] org.mongodb.driver.cluster               : Adding discovered server cluster0-shard-00-02.ss9ul.mongodb.net:27017 to client view of cluster
2024-08-10T18:07:33.821+01:00  INFO 91792 --- [journalApp] [           main] org.mongodb.driver.cluster               : No server chosen by WritableServerSelector from cluster description ClusterDescription{type=REPLICA_SET, connectionMode=MULTIPLE, serverDescriptions=[ServerDescription{address=cluster0-shard-00-00.ss9ul.mongodb.net:27017, type=UNKNOWN, state=CONNECTING}, ServerDescription{address=cluster0-shard-00-01.ss9ul.mongodb.net:27017, type=UNKNOWN, state=CONNECTING}, ServerDescription{address=cluster0-shard-00-02.ss9ul.mongodb.net:27017, type=UNKNOWN, state=CONNECTING}]}. Waiting for 30000 ms before timing out
2024-08-10T18:07:35.848+01:00  INFO 91792 --- [journalApp] [ngodb.net:27017] org.mongodb.driver.cluster               : Monitor thread successfully connected to server with description ServerDescription{address=cluster0-shard-00-00.ss9ul.mongodb.net:27017, type=REPLICA_SET_SECONDARY, state=CONNECTED, ok=true, minWireVersion=0, maxWireVersion=21, maxDocumentSize=16777216, logicalSessionTimeoutMinutes=30, roundTripTimeNanos=716821291, setName='atlas-jxo4eg-shard-0', canonicalAddress=cluster0-shard-00-00.ss9ul.mongodb.net:27017, hosts=[cluster0-shard-00-01.ss9ul.mongodb.net:27017, cluster0-shard-00-02.ss9ul.mongodb.net:27017, cluster0-shard-00-00.ss9ul.mongodb.net:27017], passives=[], arbiters=[], primary='cluster0-shard-00-01.ss9ul.mongodb.net:27017', tagSet=TagSet{[Tag{name='availabilityZone', value='euw1-az2'}, Tag{name='diskState', value='READY'}, Tag{name='nodeType', value='ELECTABLE'}, Tag{name='provider', value='AWS'}, Tag{name='region', value='EU_WEST_1'}, Tag{name='workloadType', value='OPERATIONAL'}]}, electionId=null, setVersion=15, topologyVersion=TopologyVersion{processId=66b667d23c1582ab506d6408, counter=4}, lastWriteDate=Sat Aug 10 18:07:35 BST 2024, lastUpdateTimeNanos=2206730534673041}
2024-08-10T18:07:35.848+01:00  INFO 91792 --- [journalApp] [ngodb.net:27017] org.mongodb.driver.cluster               : Monitor thread successfully connected to server with description ServerDescription{address=cluster0-shard-00-01.ss9ul.mongodb.net:27017, type=REPLICA_SET_PRIMARY, state=CONNECTED, ok=true, minWireVersion=0, maxWireVersion=21, maxDocumentSize=16777216, logicalSessionTimeoutMinutes=30, roundTripTimeNanos=716831791, setName='atlas-jxo4eg-shard-0', canonicalAddress=cluster0-shard-00-01.ss9ul.mongodb.net:27017, hosts=[cluster0-shard-00-01.ss9ul.mongodb.net:27017, cluster0-shard-00-02.ss9ul.mongodb.net:27017, cluster0-shard-00-00.ss9ul.mongodb.net:27017], passives=[], arbiters=[], primary='cluster0-shard-00-01.ss9ul.mongodb.net:27017', tagSet=TagSet{[Tag{name='availabilityZone', value='euw1-az3'}, Tag{name='diskState', value='READY'}, Tag{name='nodeType', value='ELECTABLE'}, Tag{name='provider', value='AWS'}, Tag{name='region', value='EU_WEST_1'}, Tag{name='workloadType', value='OPERATIONAL'}]}, electionId=7fffffff00000000000000e1, setVersion=15, topologyVersion=TopologyVersion{processId=66b668ffc101761e33f85579, counter=6}, lastWriteDate=Sat Aug 10 18:07:35 BST 2024, lastUpdateTimeNanos=2206730534682666}
2024-08-10T18:07:35.848+01:00  INFO 91792 --- [journalApp] [ngodb.net:27017] org.mongodb.driver.cluster               : Monitor thread successfully connected to server with description ServerDescription{address=cluster0-shard-00-02.ss9ul.mongodb.net:27017, type=REPLICA_SET_SECONDARY, state=CONNECTED, ok=true, minWireVersion=0, maxWireVersion=21, maxDocumentSize=16777216, logicalSessionTimeoutMinutes=30, roundTripTimeNanos=716762250, setName='atlas-jxo4eg-shard-0', canonicalAddress=cluster0-shard-00-02.ss9ul.mongodb.net:27017, hosts=[cluster0-shard-00-01.ss9ul.mongodb.net:27017, cluster0-shard-00-02.ss9ul.mongodb.net:27017, cluster0-shard-00-00.ss9ul.mongodb.net:27017], passives=[], arbiters=[], primary='cluster0-shard-00-01.ss9ul.mongodb.net:27017', tagSet=TagSet{[Tag{name='availabilityZone', value='euw1-az1'}, Tag{name='diskState', value='READY'}, Tag{name='nodeType', value='ELECTABLE'}, Tag{name='provider', value='AWS'}, Tag{name='region', value='EU_WEST_1'}, Tag{name='workloadType', value='OPERATIONAL'}]}, electionId=null, setVersion=15, topologyVersion=TopologyVersion{processId=66b66aa7bbe1b80a29d5e81e, counter=3}, lastWriteDate=Sat Aug 10 18:07:35 BST 2024, lastUpdateTimeNanos=2206730534654875}
2024-08-10T18:07:35.851+01:00  INFO 91792 --- [journalApp] [ngodb.net:27017] org.mongodb.driver.cluster               : Discovered replica set primary cluster0-shard-00-01.ss9ul.mongodb.net:27017 with max election id 7fffffff00000000000000e1 and max set version 15
2024-08-10T18:07:37.746+01:00  WARN 91792 --- [journalApp] [           main] .s.s.UserDetailsServiceAutoConfiguration : 

Using generated security password: 54883082-89e7-465e-9225-ecfd03caf33f

This generated password is for development use only. Your security configuration must be updated before running your application in production.

2024-08-10T18:07:37.787+01:00  INFO 91792 --- [journalApp] [           main] o.s.s.web.DefaultSecurityFilterChain     : Will secure any request with [org.springframework.security.web.session.DisableEncodeUrlFilter@4005e485, org.springframework.security.web.context.request.async.WebAsyncManagerIntegrationFilter@5f5c187d, org.springframework.security.web.context.SecurityContextHolderFilter@455da438, org.springframework.security.web.header.HeaderWriterFilter@4afdfc0f, org.springframework.web.filter.CorsFilter@464400b3, org.springframework.security.web.csrf.CsrfFilter@15186ce0, org.springframework.security.web.authentication.logout.LogoutFilter@2109a691, org.springframework.security.web.authentication.UsernamePasswordAuthenticationFilter@636dbfe7, org.springframework.security.web.authentication.ui.DefaultLoginPageGeneratingFilter@2c77344f, org.springframework.security.web.authentication.ui.DefaultLogoutPageGeneratingFilter@58182b96, org.springframework.security.web.authentication.www.BasicAuthenticationFilter@1850f2da, org.springframework.security.web.savedrequest.RequestCacheAwareFilter@438aaa9f, org.springframework.security.web.servletapi.SecurityContextHolderAwareRequestFilter@1752e45c, org.springframework.security.web.authentication.AnonymousAuthenticationFilter@37d6dddc, org.springframework.security.web.access.ExceptionTranslationFilter@1f42366, org.springframework.security.web.access.intercept.AuthorizationFilter@2913ca3e]
2024-08-10T18:07:37.805+01:00  INFO 91792 --- [journalApp] [           main] c.j.j.JournalAppApplicationTests         : Started JournalAppApplicationTests in 5.862 seconds (process running for 6.226)
]]></system-out>
  </testcase>
</testsuite>